生成启动时间为 2015/4/15 23:44:55。
     1>项目“D:\设计模式\DesignPatterns\DesignPatterns\DesignPatterns.vcxproj”在节点 2 上(build 个目标)。
     1>InitializeBuildStatus:
         正在创建“Release\DesignPatterns.unsuccessfulbuild”，因为已指定“AlwaysCreate”。
       ClCompile:
         D:\Program Files\VS2010\VC\bin\CL.exe /c /Zi /nologo /W3 /WX- /O2 /Oi /Oy- /GL /D _MBCS /Gm- /EHsc /MD /GS /Gy /fp:precise /Zc:wchar_t /Zc:forScope /Fo"Release\\" /Fd"Release\vc100.pdb" /Gd /TP /analyze- /errorReport:prompt Adapter\Adapter.cpp
         Adapter.cpp
       Link:
         D:\Program Files\VS2010\VC\bin\link.exe /ERRORREPORT:PROMPT /OUT:"D:\设计模式\DesignPatterns\Release\DesignPatterns.exe" /NOLOGO kernel32.lib user32.lib gdi32.lib winspool.lib comdlg32.lib advapi32.lib shell32.lib ole32.lib oleaut32.lib uuid.lib odbc32.lib odbccp32.lib /MANIFEST /ManifestFile:"Release\DesignPatterns.exe.intermediate.manifest" /MANIFESTUAC:"level='asInvoker' uiAccess='false'" /DEBUG /PDB:"D:\设计模式\DesignPatterns\Release\DesignPatterns.pdb" /OPT:REF /OPT:ICF /LTCG /TLBID:1 /DYNAMICBASE /NXCOMPAT /IMPLIB:"D:\设计模式\DesignPatterns\Release\DesignPatterns.lib" /MACHINE:X86 Release\AbsractFactory.obj
         Release\Adapter.obj
         Release\Builder.obj
         Release\DesignPatternsMain.obj
         Release\Factory.obj
         Release\Prototype.obj
         Release\Singleton.obj
         正在生成代码
         已完成代码的生成
         DesignPatterns.vcxproj -> D:\设计模式\DesignPatterns\Release\DesignPatterns.exe
       Manifest:
         C:\Program Files (x86)\Microsoft SDKs\Windows\v7.0A\bin\mt.exe /nologo /verbose /outputresource:"D:\设计模式\DesignPatterns\Release\DesignPatterns.exe;#1" /manifest Release\DesignPatterns.exe.intermediate.manifest
       FinalizeBuildStatus:
         正在删除文件“Release\DesignPatterns.unsuccessfulbuild”。
         正在对“Release\DesignPatterns.lastbuildstate”执行 Touch 任务。
     1>已完成生成项目“D:\设计模式\DesignPatterns\DesignPatterns\DesignPatterns.vcxproj”(build 个目标)的操作。

生成成功。

已用时间 00:00:08.61
